E:\VISUAL STUDIO APPLICATION\MFCACTIVEXCONTROL5 - 副本 (2)\MFCACTIVEXCONTROL5\DEBUG\MFCACTIVEXCONTROL5.PCH
E:\VISUAL STUDIO APPLICATION\MFCACTIVEXCONTROL5 - 副本 (2)\MFCACTIVEXCONTROL5\DEBUG\STDAFX.OBJ
E:\VISUAL STUDIO APPLICATION\MFCACTIVEXCONTROL5 - 副本 (2)\MFCACTIVEXCONTROL5\DEBUG\VC110.PDB
E:\VISUAL STUDIO APPLICATION\MFCACTIVEXCONTROL5 - 副本 (2)\MFCACTIVEXCONTROL5\DEBUG\MFCACTIVEXCONTROL5.OBJ
E:\VISUAL STUDIO APPLICATION\MFCACTIVEXCONTROL5 - 副本 (2)\MFCACTIVEXCONTROL5\DEBUG\MFCACTIVEXCONTROL5CTRL.OBJ
E:\VISUAL STUDIO APPLICATION\MFCACTIVEXCONTROL5 - 副本 (2)\MFCACTIVEXCONTROL5\DEBUG\MFCACTIVEXCONTROL5PROPPAGE.OBJ
E:\VISUAL STUDIO APPLICATION\MFCACTIVEXCONTROL5 - 副本 (2)\MFCACTIVEXCONTROL5\DEBUG\MFCACTIVEXCONTROL5.TLB
E:\VISUAL STUDIO APPLICATION\MFCACTIVEXCONTROL5 - 副本 (2)\MFCACTIVEXCONTROL5\MFCACTIVEXCONTROL5_I.C
E:\VISUAL STUDIO APPLICATION\MFCACTIVEXCONTROL5 - 副本 (2)\MFCACTIVEXCONTROL5\MFCACTIVEXCONTROL5IDL.H
E:\VISUAL STUDIO APPLICATION\MFCACTIVEXCONTROL5 - 副本 (2)\MFCACTIVEXCONTROL5\DEBUG\MFCACTIVEXCONTROL5.RES
E:\visual studio application\MFCActiveXControl5 - 副本 (2)\MFCActiveXControl5\Debug\MFCActiveXControl5.obj
E:\visual studio application\MFCActiveXControl5 - 副本 (2)\MFCActiveXControl5\Debug\MFCActiveXControl5Ctrl.obj
E:\visual studio application\MFCActiveXControl5 - 副本 (2)\MFCActiveXControl5\Debug\MFCActiveXControl5PropPage.obj
E:\visual studio application\MFCActiveXControl5 - 副本 (2)\MFCActiveXControl5\Debug\stdafx.obj
E:\visual studio application\MFCActiveXControl5 - 副本 (2)\MFCActiveXControl5\Debug\MFCActiveXControl5.tlb
E:\visual studio application\MFCActiveXControl5 - 副本 (2)\MFCActiveXControl5\Debug\cl.command.1.tlog
E:\visual studio application\MFCActiveXControl5 - 副本 (2)\MFCActiveXControl5\Debug\CL.read.1.tlog
E:\visual studio application\MFCActiveXControl5 - 副本 (2)\MFCActiveXControl5\Debug\CL.write.1.tlog
E:\visual studio application\MFCActiveXControl5 - 副本 (2)\MFCActiveXControl5\Debug\link.command.1.tlog
E:\visual studio application\MFCActiveXControl5 - 副本 (2)\MFCActiveXControl5\Debug\link.read.1.tlog
E:\visual studio application\MFCActiveXControl5 - 副本 (2)\MFCActiveXControl5\Debug\link.write.1.tlog
E:\visual studio application\MFCActiveXControl5 - 副本 (2)\MFCActiveXControl5\Debug\midl-midlc-cl.read.1.tlog
E:\visual studio application\MFCActiveXControl5 - 副本 (2)\MFCActiveXControl5\Debug\midl-midlc.read.1.tlog
E:\visual studio application\MFCActiveXControl5 - 副本 (2)\MFCActiveXControl5\Debug\midl-midlc.write.1.tlog
E:\visual studio application\MFCActiveXControl5 - 副本 (2)\MFCActiveXControl5\Debug\midl.command.1.tlog
E:\visual studio application\MFCActiveXControl5 - 副本 (2)\MFCActiveXControl5\Debug\midl.read.1.tlog
E:\visual studio application\MFCActiveXControl5 - 副本 (2)\MFCActiveXControl5\Debug\midl.write.1.tlog
E:\visual studio application\MFCActiveXControl5 - 副本 (2)\MFCActiveXControl5\Debug\rc.command.1.tlog
E:\visual studio application\MFCActiveXControl5 - 副本 (2)\MFCActiveXControl5\Debug\rc.read.1.tlog
E:\visual studio application\MFCActiveXControl5 - 副本 (2)\MFCActiveXControl5\Debug\rc.write.1.tlog
E:\visual studio application\MFCActiveXControl5 - 副本 (2)\MFCActiveXControl5\Debug\MFCActiveXControl5.res
E:\visual studio application\MFCActiveXControl5 - 副本 (2)\MFCActiveXControl5\Debug\MFCActiveXControl5.pch
E:\visual studio application\MFCActiveXControl5 - 副本 (2)\MFCActiveXControl5\Debug\vc110.idb
E:\visual studio application\MFCActiveXControl5 - 副本 (2)\MFCActiveXControl5\Debug\vc110.pdb
E:\visual studio application\MFCActiveXControl5 - 副本 (2)\Debug\MFCActiveXControl5.ocx
