E:\VISUAL STUDIO APPLICATION\MFCACTIVEXCONTROL5 - 副本 (2)\MFCACTIVEXCONTROL5\RELEASE\MFCACTIVEXCONTROL5.PCH
E:\VISUAL STUDIO APPLICATION\MFCACTIVEXCONTROL5 - 副本 (2)\MFCACTIVEXCONTROL5\RELEASE\STDAFX.OBJ
E:\VISUAL STUDIO APPLICATION\MFCACTIVEXCONTROL5 - 副本 (2)\MFCACTIVEXCONTROL5\RELEASE\VC110.PDB
E:\VISUAL STUDIO APPLICATION\MFCACTIVEXCONTROL5 - 副本 (2)\MFCACTIVEXCONTROL5\RELEASE\MFCACTIVEXCONTROL5PROPPAGE.OBJ
E:\VISUAL STUDIO APPLICATION\MFCACTIVEXCONTROL5 - 副本 (2)\MFCACTIVEXCONTROL5\RELEASE\MFCACTIVEXCONTROL5CTRL.OBJ
E:\VISUAL STUDIO APPLICATION\MFCACTIVEXCONTROL5 - 副本 (2)\MFCACTIVEXCONTROL5\RELEASE\MFCACTIVEXCONTROL5.OBJ
E:\VISUAL STUDIO APPLICATION\MFCACTIVEXCONTROL5 - 副本 (2)\RELEASE\MFCACTIVEXCONTROL5.OCX
E:\VISUAL STUDIO APPLICATION\MFCACTIVEXCONTROL5 - 副本 (2)\RELEASE\MFCACTIVEXCONTROL5.PDB
E:\visual studio application\MFCActiveXControl5 - 副本 (2)\Release\MFCActiveXControl5.lib
E:\visual studio application\MFCActiveXControl5 - 副本 (2)\Release\MFCActiveXControl5.exp
E:\VISUAL STUDIO APPLICATION\MFCACTIVEXCONTROL5 - 副本 (2)\MFCACTIVEXCONTROL5\RELEASE\MFCACTIVEXCONTROL5.TLB
E:\VISUAL STUDIO APPLICATION\MFCACTIVEXCONTROL5 - 副本 (2)\MFCACTIVEXCONTROL5\MFCACTIVEXCONTROL5_I.C
E:\VISUAL STUDIO APPLICATION\MFCACTIVEXCONTROL5 - 副本 (2)\MFCACTIVEXCONTROL5\MFCACTIVEXCONTROL5IDL.H
E:\VISUAL STUDIO APPLICATION\MFCACTIVEXCONTROL5 - 副本 (2)\MFCACTIVEXCONTROL5\RELEASE\MFCACTIVEXCONTROL5.RES
E:\visual studio application\MFCActiveXControl5 - 副本 (2)\MFCActiveXControl5\Release\MFCActiveXControl5.obj
E:\visual studio application\MFCActiveXControl5 - 副本 (2)\MFCActiveXControl5\Release\MFCActiveXControl5Ctrl.obj
E:\visual studio application\MFCActiveXControl5 - 副本 (2)\MFCActiveXControl5\Release\MFCActiveXControl5PropPage.obj
E:\visual studio application\MFCActiveXControl5 - 副本 (2)\MFCActiveXControl5\Release\stdafx.obj
E:\visual studio application\MFCActiveXControl5 - 副本 (2)\MFCActiveXControl5\Release\MFCActiveXControl5.tlb
E:\visual studio application\MFCActiveXControl5 - 副本 (2)\MFCActiveXControl5\Release\cl.command.1.tlog
E:\visual studio application\MFCActiveXControl5 - 副本 (2)\MFCActiveXControl5\Release\CL.read.1.tlog
E:\visual studio application\MFCActiveXControl5 - 副本 (2)\MFCActiveXControl5\Release\CL.write.1.tlog
E:\visual studio application\MFCActiveXControl5 - 副本 (2)\MFCActiveXControl5\Release\link-cvtres.read.1.tlog
E:\visual studio application\MFCActiveXControl5 - 副本 (2)\MFCActiveXControl5\Release\link-cvtres.write.1.tlog
E:\visual studio application\MFCActiveXControl5 - 副本 (2)\MFCActiveXControl5\Release\link-mt.read.1.tlog
E:\visual studio application\MFCActiveXControl5 - 副本 (2)\MFCActiveXControl5\Release\link-mt.write.1.tlog
E:\visual studio application\MFCActiveXControl5 - 副本 (2)\MFCActiveXControl5\Release\link-rc.read.1.tlog
E:\visual studio application\MFCActiveXControl5 - 副本 (2)\MFCActiveXControl5\Release\link-rc.write.1.tlog
E:\visual studio application\MFCActiveXControl5 - 副本 (2)\MFCActiveXControl5\Release\link.command.1.tlog
E:\visual studio application\MFCActiveXControl5 - 副本 (2)\MFCActiveXControl5\Release\link.read.1.tlog
E:\visual studio application\MFCActiveXControl5 - 副本 (2)\MFCActiveXControl5\Release\link.write.1.tlog
E:\visual studio application\MFCActiveXControl5 - 副本 (2)\MFCActiveXControl5\Release\MFCActiveXControl5.write.1.tlog
E:\visual studio application\MFCActiveXControl5 - 副本 (2)\MFCActiveXControl5\Release\midl-midlc-cl.read.1.tlog
E:\visual studio application\MFCActiveXControl5 - 副本 (2)\MFCActiveXControl5\Release\midl-midlc.read.1.tlog
E:\visual studio application\MFCActiveXControl5 - 副本 (2)\MFCActiveXControl5\Release\midl-midlc.write.1.tlog
E:\visual studio application\MFCActiveXControl5 - 副本 (2)\MFCActiveXControl5\Release\midl.command.1.tlog
E:\visual studio application\MFCActiveXControl5 - 副本 (2)\MFCActiveXControl5\Release\midl.read.1.tlog
E:\visual studio application\MFCActiveXControl5 - 副本 (2)\MFCActiveXControl5\Release\midl.write.1.tlog
E:\visual studio application\MFCActiveXControl5 - 副本 (2)\MFCActiveXControl5\Release\rc.command.1.tlog
E:\visual studio application\MFCActiveXControl5 - 副本 (2)\MFCActiveXControl5\Release\rc.read.1.tlog
E:\visual studio application\MFCActiveXControl5 - 副本 (2)\MFCActiveXControl5\Release\rc.write.1.tlog
E:\visual studio application\MFCActiveXControl5 - 副本 (2)\MFCActiveXControl5\Release\MFCActiveXControl5.res
E:\visual studio application\MFCActiveXControl5 - 副本 (2)\MFCActiveXControl5\Release\MFCActiveXControl5.pch
E:\visual studio application\MFCActiveXControl5 - 副本 (2)\MFCActiveXControl5\Release\vc110.pdb
E:\visual studio application\MFCActiveXControl5 - 副本 (2)\Release\MFCActiveXControl5.pdb
E:\visual studio application\MFCActiveXControl5 - 副本 (2)\Release\MFCActiveXControl5.ocx
