生成启动时间为 2015/8/10 16:38:32。
     1>项目“E:\visual studio application\MFCActiveXControl5 - 副本 (2)\MFCActiveXControl5\MFCActiveXControl5.vcxproj”在节点 2 上(Rebuild 个目标)。
     1>Midl:
         C:\Program Files (x86)\Windows Kits\8.0\bin\x86\midl.exe /D NDEBUG /W1 /nologo /char signed /env win32 /h "MFCActiveXControl5idl.h" /tlb "Release\MFCActiveXControl5.tlb" /robust MFCActiveXControl5.idl 
         Processing .\MFCActiveXControl5.idl
         MFCActiveXControl5.idl
         Processing C:\Program Files (x86)\Windows Kits\8.0\Include\um\oaidl.idl
         oaidl.idl
         Processing C:\Program Files (x86)\Windows Kits\8.0\Include\um\objidl.idl
         objidl.idl
         Processing C:\Program Files (x86)\Windows Kits\8.0\Include\um\unknwn.idl
         unknwn.idl
         Processing C:\Program Files (x86)\Windows Kits\8.0\Include\shared\wtypes.idl
         wtypes.idl
         Processing C:\Program Files (x86)\Windows Kits\8.0\Include\shared\wtypesbase.idl
         wtypesbase.idl
         Processing C:\Program Files (x86)\Windows Kits\8.0\Include\shared\basetsd.h
         basetsd.h
         Processing C:\Program Files (x86)\Windows Kits\8.0\Include\shared\guiddef.h
         guiddef.h
         Processing C:\Program Files (x86)\Windows Kits\8.0\Include\um\oaidl.acf
         oaidl.acf
       ClCompile:
         E:\visual studio\VC\bin\CL.exe /c /Zi /nologo /W3 /WX- /sdl /O2 /Oi /Oy- /GL /D WIN32 /D _WINDOWS /D NDEBUG /D _USRDLL /D _WINDLL /D _UNICODE /D UNICODE /D _AFXDLL /Gm- /EHsc /MD /GS /Gy /fp:precise /Zc:wchar_t /Zc:forScope /Yc"stdafx.h" /Fp"Release\MFCActiveXControl5.pch" /Fo"Release\\" /Fd"Release\vc110.pdb" /Gd /TP /analyze- /errorReport:prompt stdafx.cpp
         stdafx.cpp
         E:\visual studio\VC\bin\CL.exe /c /Zi /nologo /W3 /WX- /sdl /O2 /Oi /Oy- /GL /D WIN32 /D _WINDOWS /D NDEBUG /D _USRDLL /D _WINDLL /D _UNICODE /D UNICODE /D _AFXDLL /Gm- /EHsc /MD /GS /Gy /fp:precise /Zc:wchar_t /Zc:forScope /Yu"stdafx.h" /Fp"Release\MFCActiveXControl5.pch" /Fo"Release\\" /Fd"Release\vc110.pdb" /Gd /TP /analyze- /errorReport:prompt MFCActiveXControl5.cpp MFCActiveXControl5Ctrl.cpp MFCActiveXControl5PropPage.cpp
         MFCActiveXControl5.cpp
         MFCActiveXControl5Ctrl.cpp
         MFCActiveXControl5PropPage.cpp
       ResourceCompile:
         C:\Program Files (x86)\Windows Kits\8.0\bin\x86\rc.exe /D NDEBUG /D _UNICODE /D UNICODE /D _AFXDLL /l"0x0804" /IRelease\ /nologo /fo"Release\MFCActiveXControl5.res" MFCActiveXControl5.rc 
       Link:
         E:\visual studio\VC\bin\link.exe /ERRORREPORT:PROMPT /OUT:"E:\visual studio application\MFCActiveXControl5 - 副本 (2)\Release\MFCActiveXControl5.ocx" /INCREMENTAL:NO /NOLOGO /DEF:".\MFCActiveXControl5.def" /MANIFEST /MANIFESTUAC:"level='asInvoker' uiAccess='false'" /manifest:embed /manifestinput:"E:\visual studio\VC\Include\Manifest\dpiaware.manifest" /DEBUG /PDB:"E:\visual studio application\MFCActiveXControl5 - 副本 (2)\Release\MFCActiveXControl5.pdb" /SUBSYSTEM:WINDOWS /OPT:REF /OPT:ICF /LTCG /TLBID:1 /DYNAMICBASE /NXCOMPAT /IMPLIB:"E:\visual studio application\MFCActiveXControl5 - 副本 (2)\Release\MFCActiveXControl5.lib" /MACHINE:X86 /SAFESEH /DLL Release\MFCActiveXControl5.res
         Release\MFCActiveXControl5.obj
         Release\MFCActiveXControl5Ctrl.obj
         Release\MFCActiveXControl5PropPage.obj
         Release\stdafx.obj
            正在创建库 E:\visual studio application\MFCActiveXControl5 - 副本 (2)\Release\MFCActiveXControl5.lib 和对象 E:\visual studio application\MFCActiveXControl5 - 副本 (2)\Release\MFCActiveXControl5.exp
         正在生成代码
         已完成代码的生成
         MFCActiveXControl5.vcxproj -> E:\visual studio application\MFCActiveXControl5 - 副本 (2)\Release\MFCActiveXControl5.ocx
       RegisterOutput:
         regsvr32 /s "E:\visual studio application\MFCActiveXControl5 - 副本 (2)\Release\MFCActiveXControl5.ocx"
     1>已完成生成项目“E:\visual studio application\MFCActiveXControl5 - 副本 (2)\MFCActiveXControl5\MFCActiveXControl5.vcxproj”(Rebuild 个目标)的操作。

生成成功。

已用时间 00:00:05.85
